# JRE version: Java(TM) SE Runtime Environment (8.0_151-b12) (build 1.8.0_151-b12)
# Java VM: Java HotSpot(TM) 64-Bit Server VM (25.151-b12 mixed mode windows-amd64 compressed oops)
Heap:
 PSYoungGen      total 125952K, used 26176K [0x00000000eb700000, 0x00000000f3b80000, 0x0000000100000000)
  eden space 116224K, 14% used [0x00000000eb700000,0x00000000ec768878,0x00000000f2880000)
  from space 9728K, 96% used [0x00000000f2880000,0x00000000f31a7b58,0x00000000f3200000)
  to   space 9216K, 0% used [0x00000000f3280000,0x00000000f3280000,0x00000000f3b80000)
 ParOldGen       total 33280K, used 25851K [0x00000000c2400000, 0x00000000c4480000, 0x00000000eb700000)
  object space 33280K, 77% used [0x00000000c2400000,0x00000000c3d3ee08,0x00000000c4480000)
 Metaspace       used 34554K, capacity 34934K, committed 35072K, reserved 1079296K
  class space    used 4241K, capacity 4332K, committed 4352K, reserved 1048576K
GC Heap History (10 events):
Event: 11.284 GC heap before
{Heap before GC invocations=12 (full 1):
 PSYoungGen      total 74752K, used 74314K [0x00000000eb700000, 0x00000000f0f00000, 0x0000000100000000)
  eden space 68608K, 100% used [0x00000000eb700000,0x00000000efa00000,0x00000000efa00000)
  from space 6144K, 92% used [0x00000000f0080000,0x00000000f0612868,0x00000000f0680000)
  to   space 6656K, 0% used [0x00000000efa00000,0x00000000efa00000,0x00000000f0080000)
 ParOldGen       total 33280K, used 8216K [0x00000000c2400000, 0x00000000c4480000, 0x00000000eb700000)
  object space 33280K, 24% used [0x00000000c2400000,0x00000000c2c061e8,0x00000000c4480000)
 Metaspace       used 29053K, capacity 29408K, committed 29696K, reserved 1075200K
  class space    used 3597K, capacity 3715K, committed 3840K, reserved 1048576K
Event: 11.322 GC heap after
Heap after GC invocations=12 (full 1):
 PSYoungGen      total 75264K, used 4943K [0x00000000eb700000, 0x00000000f1d80000, 0x0000000100000000)
  eden space 68608K, 0% used [0x00000000eb700000,0x00000000eb700000,0x00000000efa00000)
  from space 6656K, 74% used [0x00000000efa00000,0x00000000efed3f10,0x00000000f0080000)
  to   space 6656K, 0% used [0x00000000f1700000,0x00000000f1700000,0x00000000f1d80000)
 ParOldGen       total 33280K, used 11516K [0x00000000c2400000, 0x00000000c4480000, 0x00000000eb700000)
  object space 33280K, 34% used [0x00000000c2400000,0x00000000c2f3f348,0x00000000c4480000)
 Metaspace       used 29053K, capacity 29408K, committed 29696K, reserved 1075200K
  class space    used 3597K, capacity 3715K, committed 3840K, reserved 1048576K
}
Event: 12.795 GC heap before
{Heap before GC invocations=13 (full 1):
 PSYoungGen      total 75264K, used 73551K [0x00000000eb700000, 0x00000000f1d80000, 0x0000000100000000)
  eden space 68608K, 100% used [0x00000000eb700000,0x00000000efa00000,0x00000000efa00000)
  from space 6656K, 74% used [0x00000000efa00000,0x00000000efed3f10,0x00000000f0080000)
  to   space 6656K, 0% used [0x00000000f1700000,0x00000000f1700000,0x00000000f1d80000)
 ParOldGen       total 33280K, used 11516K [0x00000000c2400000, 0x00000000c4480000, 0x00000000eb700000)
  object space 33280K, 34% used [0x00000000c2400000,0x00000000c2f3f348,0x00000000c4480000)
 Metaspace       used 30325K, capacity 30706K, committed 31104K, reserved 1077248K
  class space    used 3728K, capacity 3846K, committed 3968K, reserved 1048576K
Event: 12.806 GC heap after
Heap after GC invocations=13 (full 1):
 PSYoungGen      total 95232K, used 3963K [0x00000000eb700000, 0x00000000f1c00000, 0x0000000100000000)
  eden space 90112K, 0% used [0x00000000eb700000,0x00000000eb700000,0x00000000f0f00000)
  from space 5120K, 77% used [0x00000000f1700000,0x00000000f1adec50,0x00000000f1c00000)
  to   space 6656K, 0% used [0x00000000f0f00000,0x00000000f0f00000,0x00000000f1580000)
 ParOldGen       total 33280K, used 13816K [0x00000000c2400000, 0x00000000c4480000, 0x00000000eb700000)
  object space 33280K, 41% used [0x00000000c2400000,0x00000000c317e398,0x00000000c4480000)
 Metaspace       used 30325K, capacity 30706K, committed 31104K, reserved 1077248K
  class space    used 3728K, capacity 3846K, committed 3968K, reserved 1048576K
}
Event: 16.043 GC heap before
{Heap before GC invocations=14 (full 1):
 PSYoungGen      total 95232K, used 94075K [0x00000000eb700000, 0x00000000f1c00000, 0x0000000100000000)
  eden space 90112K, 100% used [0x00000000eb700000,0x00000000f0f00000,0x00000000f0f00000)
  from space 5120K, 77% used [0x00000000f1700000,0x00000000f1adec50,0x00000000f1c00000)
  to   space 6656K, 0% used [0x00000000f0f00000,0x00000000f0f00000,0x00000000f1580000)
 ParOldGen       total 33280K, used 13816K [0x00000000c2400000, 0x00000000c4480000, 0x00000000eb700000)
  object space 33280K, 41% used [0x00000000c2400000,0x00000000c317e398,0x00000000c4480000)
 Metaspace       used 33277K, capacity 33650K, committed 33920K, reserved 1079296K
  class space    used 4085K, capacity 4166K, committed 4224K, reserved 1048576K
Event: 16.077 GC heap after
Heap after GC invocations=14 (full 1):
 PSYoungGen      total 96768K, used 6655K [0x00000000eb700000, 0x00000000f3b80000, 0x0000000100000000)
  eden space 90112K, 0% used [0x00000000eb700000,0x00000000eb700000,0x00000000f0f00000)
  from space 6656K, 99% used [0x00000000f0f00000,0x00000000f157fc88,0x00000000f1580000)
  to   space 9216K, 0% used [0x00000000f3280000,0x00000000f3280000,0x00000000f3b80000)
 ParOldGen       total 33280K, used 19923K [0x00000000c2400000, 0x00000000c4480000, 0x00000000eb700000)
  object space 33280K, 59% used [0x00000000c2400000,0x00000000c3774f08,0x00000000c4480000)
 Metaspace       used 33277K, capacity 33650K, committed 33920K, reserved 1079296K
  class space    used 4085K, capacity 4166K, committed 4224K, reserved 1048576K
}
Event: 17.925 GC heap before
{Heap before GC invocations=15 (full 1):
 PSYoungGen      total 96768K, used 96767K [0x00000000eb700000, 0x00000000f3b80000, 0x0000000100000000)
  eden space 90112K, 100% used [0x00000000eb700000,0x00000000f0f00000,0x00000000f0f00000)
  from space 6656K, 99% used [0x00000000f0f00000,0x00000000f157fc88,0x00000000f1580000)
  to   space 9216K, 0% used [0x00000000f3280000,0x00000000f3280000,0x00000000f3b80000)
 ParOldGen       total 33280K, used 19923K [0x00000000c2400000, 0x00000000c4480000, 0x00000000eb700000)
  object space 33280K, 59% used [0x00000000c2400000,0x00000000c3774f08,0x00000000c4480000)
 Metaspace       used 33602K, capacity 33988K, committed 34304K, reserved 1079296K
  class space    used 4126K, capacity 4233K, committed 4352K, reserved 1048576K
Event: 17.942 GC heap after
Heap after GC invocations=15 (full 1):
 PSYoungGen      total 125440K, used 7133K [0x00000000eb700000, 0x00000000f3b80000, 0x0000000100000000)
  eden space 116224K, 0% used [0x00000000eb700000,0x00000000eb700000,0x00000000f2880000)
  from space 9216K, 77% used [0x00000000f3280000,0x00000000f39774f0,0x00000000f3b80000)
  to   space 9728K, 0% used [0x00000000f2880000,0x00000000f2880000,0x00000000f3200000)
 ParOldGen       total 33280K, used 24903K [0x00000000c2400000, 0x00000000c4480000, 0x00000000eb700000)
  object space 33280K, 74% used [0x00000000c2400000,0x00000000c3c51df8,0x00000000c4480000)
 Metaspace       used 33602K, capacity 33988K, committed 34304K, reserved 1079296K
  class space    used 4126K, capacity 4233K, committed 4352K, reserved 1048576K
}
Event: 21.065 GC heap before
{Heap before GC invocations=16 (full 1):
 PSYoungGen      total 125440K, used 123357K [0x00000000eb700000, 0x00000000f3b80000, 0x0000000100000000)
  eden space 116224K, 100% used [0x00000000eb700000,0x00000000f2880000,0x00000000f2880000)
  from space 9216K, 77% used [0x00000000f3280000,0x00000000f39774f0,0x00000000f3b80000)
  to   space 9728K, 0% used [0x00000000f2880000,0x00000000f2880000,0x00000000f3200000)
 ParOldGen       total 33280K, used 24903K [0x00000000c2400000, 0x00000000c4480000, 0x00000000eb700000)
  object space 33280K, 74% used [0x00000000c2400000,0x00000000c3c51df8,0x00000000c4480000)
 Metaspace       used 34389K, capacity 34768K, committed 35072K, reserved 1079296K
  class space    used 4223K, capacity 4299K, committed 4352K, reserved 1048576K
Event: 21.205 GC heap after
Heap after GC invocations=16 (full 1):
 PSYoungGen      total 125952K, used 9374K [0x00000000eb700000, 0x00000000f3b80000, 0x0000000100000000)
  eden space 116224K, 0% used [0x00000000eb700000,0x00000000eb700000,0x00000000f2880000)
  from space 9728K, 96% used [0x00000000f2880000,0x00000000f31a7b58,0x00000000f3200000)
  to   space 9216K, 0% used [0x00000000f3280000,0x00000000f3280000,0x00000000f3b80000)
 ParOldGen       total 33280K, used 25851K [0x00000000c2400000, 0x00000000c4480000, 0x00000000eb700000)
  object space 33280K, 77% used [0x00000000c2400000,0x00000000c3d3ee08,0x00000000c4480000)
 Metaspace       used 34389K, capacity 34768K, committed 35072K, reserved 1079296K
  class space    used 4223K, capacity 4299K, committed 4352K, reserved 1048576K
}

