# JRE version: Java(TM) SE Runtime Environment (8.0_151-b12) (build 1.8.0_151-b12)
# Java VM: Java HotSpot(TM) 64-Bit Server VM (25.151-b12 mixed mode windows-amd64 compressed oops)
Heap:
 PSYoungGen      total 249856K, used 155894K [0x00000000eb700000, 0x00000000ff080000, 0x0000000100000000)
  eden space 231936K, 59% used [0x00000000eb700000,0x00000000f3dbd8c0,0x00000000f9980000)
  from space 17920K, 99% used [0x00000000f9980000,0x00000000faafff58,0x00000000fab00000)
  to   space 22016K, 0% used [0x00000000fdb00000,0x00000000fdb00000,0x00000000ff080000)
 ParOldGen       total 62976K, used 39091K [0x00000000c2400000, 0x00000000c6180000, 0x00000000eb700000)
  object space 62976K, 62% used [0x00000000c2400000,0x00000000c4a2cea8,0x00000000c6180000)
 Metaspace       used 50158K, capacity 50656K, committed 51072K, reserved 1093632K
  class space    used 6318K, capacity 6460K, committed 6528K, reserved 1048576K
GC Heap History (10 events):
Event: 12.244 GC heap before
{Heap before GC invocations=19 (full 2):
 PSYoungGen      total 169472K, used 162816K [0x00000000eb700000, 0x00000000f6b00000, 0x0000000100000000)
  eden space 162816K, 100% used [0x00000000eb700000,0x00000000f5600000,0x00000000f5600000)
  from space 6656K, 0% used [0x00000000f6480000,0x00000000f6480000,0x00000000f6b00000)
  to   space 10752K, 0% used [0x00000000f5600000,0x00000000f5600000,0x00000000f6080000)
 ParOldGen       total 62976K, used 24005K [0x00000000c2400000, 0x00000000c6180000, 0x00000000eb700000)
  object space 62976K, 38% used [0x00000000c2400000,0x00000000c3b714a8,0x00000000c6180000)
 Metaspace       used 35068K, capacity 35508K, committed 35712K, reserved 1081344K
  class space    used 4307K, capacity 4433K, committed 4480K, reserved 1048576K
Event: 12.252 GC heap after
Heap after GC invocations=19 (full 2):
 PSYoungGen      total 173568K, used 8047K [0x00000000eb700000, 0x00000000f8900000, 0x0000000100000000)
  eden space 162816K, 0% used [0x00000000eb700000,0x00000000eb700000,0x00000000f5600000)
  from space 10752K, 74% used [0x00000000f5600000,0x00000000f5ddbf20,0x00000000f6080000)
  to   space 10752K, 0% used [0x00000000f7e80000,0x00000000f7e80000,0x00000000f8900000)
 ParOldGen       total 62976K, used 24005K [0x00000000c2400000, 0x00000000c6180000, 0x00000000eb700000)
  object space 62976K, 38% used [0x00000000c2400000,0x00000000c3b714a8,0x00000000c6180000)
 Metaspace       used 35068K, capacity 35508K, committed 35712K, reserved 1081344K
  class space    used 4307K, capacity 4433K, committed 4480K, reserved 1048576K
}
Event: 12.955 GC heap before
{Heap before GC invocations=20 (full 2):
 PSYoungGen      total 173568K, used 170863K [0x00000000eb700000, 0x00000000f8900000, 0x0000000100000000)
  eden space 162816K, 100% used [0x00000000eb700000,0x00000000f5600000,0x00000000f5600000)
  from space 10752K, 74% used [0x00000000f5600000,0x00000000f5ddbf20,0x00000000f6080000)
  to   space 10752K, 0% used [0x00000000f7e80000,0x00000000f7e80000,0x00000000f8900000)
 ParOldGen       total 62976K, used 24005K [0x00000000c2400000, 0x00000000c6180000, 0x00000000eb700000)
  object space 62976K, 38% used [0x00000000c2400000,0x00000000c3b714a8,0x00000000c6180000)
 Metaspace       used 35815K, capacity 36256K, committed 36608K, reserved 1081344K
  class space    used 4402K, capacity 4531K, committed 4608K, reserved 1048576K
Event: 12.974 GC heap after
Heap after GC invocations=20 (full 2):
 PSYoungGen      total 202240K, used 10743K [0x00000000eb700000, 0x00000000f9080000, 0x0000000100000000)
  eden space 191488K, 0% used [0x00000000eb700000,0x00000000eb700000,0x00000000f7200000)
  from space 10752K, 99% used [0x00000000f7e80000,0x00000000f88fdf40,0x00000000f8900000)
  to   space 12800K, 0% used [0x00000000f7200000,0x00000000f7200000,0x00000000f7e80000)
 ParOldGen       total 62976K, used 25170K [0x00000000c2400000, 0x00000000c6180000, 0x00000000eb700000)
  object space 62976K, 39% used [0x00000000c2400000,0x00000000c3c94818,0x00000000c6180000)
 Metaspace       used 35815K, capacity 36256K, committed 36608K, reserved 1081344K
  class space    used 4402K, capacity 4531K, committed 4608K, reserved 1048576K
}
Event: 13.933 GC heap before
{Heap before GC invocations=21 (full 2):
 PSYoungGen      total 202240K, used 202231K [0x00000000eb700000, 0x00000000f9080000, 0x0000000100000000)
  eden space 191488K, 100% used [0x00000000eb700000,0x00000000f7200000,0x00000000f7200000)
  from space 10752K, 99% used [0x00000000f7e80000,0x00000000f88fdf40,0x00000000f8900000)
  to   space 12800K, 0% used [0x00000000f7200000,0x00000000f7200000,0x00000000f7e80000)
 ParOldGen       total 62976K, used 25170K [0x00000000c2400000, 0x00000000c6180000, 0x00000000eb700000)
  object space 62976K, 39% used [0x00000000c2400000,0x00000000c3c94818,0x00000000c6180000)
 Metaspace       used 36617K, capacity 37036K, committed 37376K, reserved 1081344K
  class space    used 4489K, capacity 4597K, committed 4608K, reserved 1048576K
Event: 13.951 GC heap after
Heap after GC invocations=21 (full 2):
 PSYoungGen      total 204288K, used 12784K [0x00000000eb700000, 0x00000000fbc00000, 0x0000000100000000)
  eden space 191488K, 0% used [0x00000000eb700000,0x00000000eb700000,0x00000000f7200000)
  from space 12800K, 99% used [0x00000000f7200000,0x00000000f7e7c2c0,0x00000000f7e80000)
  to   space 17408K, 0% used [0x00000000fab00000,0x00000000fab00000,0x00000000fbc00000)
 ParOldGen       total 62976K, used 32760K [0x00000000c2400000, 0x00000000c6180000, 0x00000000eb700000)
  object space 62976K, 52% used [0x00000000c2400000,0x00000000c43fe378,0x00000000c6180000)
 Metaspace       used 36617K, capacity 37036K, committed 37376K, reserved 1081344K
  class space    used 4489K, capacity 4597K, committed 4608K, reserved 1048576K
}
Event: 14.887 GC heap before
{Heap before GC invocations=22 (full 2):
 PSYoungGen      total 204288K, used 204272K [0x00000000eb700000, 0x00000000fbc00000, 0x0000000100000000)
  eden space 191488K, 100% used [0x00000000eb700000,0x00000000f7200000,0x00000000f7200000)
  from space 12800K, 99% used [0x00000000f7200000,0x00000000f7e7c2c0,0x00000000f7e80000)
  to   space 17408K, 0% used [0x00000000fab00000,0x00000000fab00000,0x00000000fbc00000)
 ParOldGen       total 62976K, used 32760K [0x00000000c2400000, 0x00000000c6180000, 0x00000000eb700000)
  object space 62976K, 52% used [0x00000000c2400000,0x00000000c43fe378,0x00000000c6180000)
 Metaspace       used 37695K, capacity 38092K, committed 38400K, reserved 1083392K
  class space    used 4648K, capacity 4757K, committed 4864K, reserved 1048576K
Event: 14.902 GC heap after
Heap after GC invocations=22 (full 2):
 PSYoungGen      total 249344K, used 12523K [0x00000000eb700000, 0x00000000fbd00000, 0x0000000100000000)
  eden space 231936K, 0% used [0x00000000eb700000,0x00000000eb700000,0x00000000f9980000)
  from space 17408K, 71% used [0x00000000fab00000,0x00000000fb73ad78,0x00000000fbc00000)
  to   space 17920K, 0% used [0x00000000f9980000,0x00000000f9980000,0x00000000fab00000)
 ParOldGen       total 62976K, used 35040K [0x00000000c2400000, 0x00000000c6180000, 0x00000000eb700000)
  object space 62976K, 55% used [0x00000000c2400000,0x00000000c4638378,0x00000000c6180000)
 Metaspace       used 37695K, capacity 38092K, committed 38400K, reserved 1083392K
  class space    used 4648K, capacity 4757K, committed 4864K, reserved 1048576K
}
Event: 18.870 GC heap before
{Heap before GC invocations=23 (full 2):
 PSYoungGen      total 249344K, used 244459K [0x00000000eb700000, 0x00000000fbd00000, 0x0000000100000000)
  eden space 231936K, 100% used [0x00000000eb700000,0x00000000f9980000,0x00000000f9980000)
  from space 17408K, 71% used [0x00000000fab00000,0x00000000fb73ad78,0x00000000fbc00000)
  to   space 17920K, 0% used [0x00000000f9980000,0x00000000f9980000,0x00000000fab00000)
 ParOldGen       total 62976K, used 35040K [0x00000000c2400000, 0x00000000c6180000, 0x00000000eb700000)
  object space 62976K, 55% used [0x00000000c2400000,0x00000000c4638378,0x00000000c6180000)
 Metaspace       used 46064K, capacity 46534K, committed 46976K, reserved 1089536K
  class space    used 5778K, capacity 5933K, committed 6016K, reserved 1048576K
Event: 18.889 GC heap after
Heap after GC invocations=23 (full 2):
 PSYoungGen      total 249856K, used 17919K [0x00000000eb700000, 0x00000000ff080000, 0x0000000100000000)
  eden space 231936K, 0% used [0x00000000eb700000,0x00000000eb700000,0x00000000f9980000)
  from space 17920K, 99% used [0x00000000f9980000,0x00000000faafff58,0x00000000fab00000)
  to   space 22016K, 0% used [0x00000000fdb00000,0x00000000fdb00000,0x00000000ff080000)
 ParOldGen       total 62976K, used 39091K [0x00000000c2400000, 0x00000000c6180000, 0x00000000eb700000)
  object space 62976K, 62% used [0x00000000c2400000,0x00000000c4a2cea8,0x00000000c6180000)
 Metaspace       used 46064K, capacity 46534K, committed 46976K, reserved 1089536K
  class space    used 5778K, capacity 5933K, committed 6016K, reserved 1048576K
}

