# JRE version: Java(TM) SE Runtime Environment (8.0_151-b12) (build 1.8.0_151-b12)
# Java VM: Java HotSpot(TM) 64-Bit Server VM (25.151-b12 mixed mode windows-amd64 compressed oops)
Heap:
 PSYoungGen      total 64512K, used 49086K [0x00000000eb700000, 0x00000000f0580000, 0x0000000100000000)
  eden space 57856K, 77% used [0x00000000eb700000,0x00000000ee30d148,0x00000000eef80000)
  from space 6656K, 59% used [0x00000000eef80000,0x00000000ef3629e0,0x00000000ef600000)
  to   space 6144K, 0% used [0x00000000eff80000,0x00000000eff80000,0x00000000f0580000)
 ParOldGen       total 31744K, used 7299K [0x00000000c2400000, 0x00000000c4300000, 0x00000000eb700000)
  object space 31744K, 22% used [0x00000000c2400000,0x00000000c2b20eb0,0x00000000c4300000)
 Metaspace       used 24555K, capacity 24890K, committed 25216K, reserved 1071104K
  class space    used 3026K, capacity 3120K, committed 3200K, reserved 1048576K
GC Heap History (10 events):
Event: 2.786 GC heap before
{Heap before GC invocations=6 (full 0):
 PSYoungGen      total 18432K, used 18430K [0x00000000eb700000, 0x00000000ee100000, 0x0000000100000000)
  eden space 15872K, 100% used [0x00000000eb700000,0x00000000ec680000,0x00000000ec680000)
  from space 2560K, 99% used [0x00000000ec680000,0x00000000ec8ffbf0,0x00000000ec900000)
  to   space 5632K, 0% used [0x00000000edb80000,0x00000000edb80000,0x00000000ee100000)
 ParOldGen       total 42496K, used 7358K [0x00000000c2400000, 0x00000000c4d80000, 0x00000000eb700000)
  object space 42496K, 17% used [0x00000000c2400000,0x00000000c2b2f968,0x00000000c4d80000)
 Metaspace       used 17248K, capacity 17452K, committed 17664K, reserved 1064960K
  class space    used 2121K, capacity 2188K, committed 2304K, reserved 1048576K
Event: 2.796 GC heap after
Heap after GC invocations=6 (full 0):
 PSYoungGen      total 36864K, used 5010K [0x00000000eb700000, 0x00000000ee200000, 0x0000000100000000)
  eden space 31232K, 0% used [0x00000000eb700000,0x00000000eb700000,0x00000000ed580000)
  from space 5632K, 88% used [0x00000000edb80000,0x00000000ee0649f0,0x00000000ee100000)
  to   space 6144K, 0% used [0x00000000ed580000,0x00000000ed580000,0x00000000edb80000)
 ParOldGen       total 42496K, used 7366K [0x00000000c2400000, 0x00000000c4d80000, 0x00000000eb700000)
  object space 42496K, 17% used [0x00000000c2400000,0x00000000c2b31968,0x00000000c4d80000)
 Metaspace       used 17248K, capacity 17452K, committed 17664K, reserved 1064960K
  class space    used 2121K, capacity 2188K, committed 2304K, reserved 1048576K
}
Event: 3.124 GC heap before
{Heap before GC invocations=7 (full 0):
 PSYoungGen      total 36864K, used 25728K [0x00000000eb700000, 0x00000000ee200000, 0x0000000100000000)
  eden space 31232K, 66% used [0x00000000eb700000,0x00000000ecb3b780,0x00000000ed580000)
  from space 5632K, 88% used [0x00000000edb80000,0x00000000ee0649f0,0x00000000ee100000)
  to   space 6144K, 0% used [0x00000000ed580000,0x00000000ed580000,0x00000000edb80000)
 ParOldGen       total 42496K, used 7366K [0x00000000c2400000, 0x00000000c4d80000, 0x00000000eb700000)
  object space 42496K, 17% used [0x00000000c2400000,0x00000000c2b31968,0x00000000c4d80000)
 Metaspace       used 20910K, capacity 21170K, committed 21296K, reserved 1069056K
  class space    used 2565K, capacity 2660K, committed 2688K, reserved 1048576K
Event: 3.136 GC heap after
Heap after GC invocations=7 (full 0):
 PSYoungGen      total 37376K, used 5247K [0x00000000eb700000, 0x00000000f0000000, 0x0000000100000000)
  eden space 31232K, 0% used [0x00000000eb700000,0x00000000eb700000,0x00000000ed580000)
  from space 6144K, 85% used [0x00000000ed580000,0x00000000eda9fca0,0x00000000edb80000)
  to   space 6144K, 0% used [0x00000000efa00000,0x00000000efa00000,0x00000000f0000000)
 ParOldGen       total 42496K, used 8543K [0x00000000c2400000, 0x00000000c4d80000, 0x00000000eb700000)
  object space 42496K, 20% used [0x00000000c2400000,0x00000000c2c57d88,0x00000000c4d80000)
 Metaspace       used 20910K, capacity 21170K, committed 21296K, reserved 1069056K
  class space    used 2565K, capacity 2660K, committed 2688K, reserved 1048576K
}
Event: 3.136 GC heap before
{Heap before GC invocations=8 (full 1):
 PSYoungGen      total 37376K, used 5247K [0x00000000eb700000, 0x00000000f0000000, 0x0000000100000000)
  eden space 31232K, 0% used [0x00000000eb700000,0x00000000eb700000,0x00000000ed580000)
  from space 6144K, 85% used [0x00000000ed580000,0x00000000eda9fca0,0x00000000edb80000)
  to   space 6144K, 0% used [0x00000000efa00000,0x00000000efa00000,0x00000000f0000000)
 ParOldGen       total 42496K, used 8543K [0x00000000c2400000, 0x00000000c4d80000, 0x00000000eb700000)
  object space 42496K, 20% used [0x00000000c2400000,0x00000000c2c57d88,0x00000000c4d80000)
 Metaspace       used 20910K, capacity 21170K, committed 21296K, reserved 1069056K
  class space    used 2565K, capacity 2660K, committed 2688K, reserved 1048576K
Event: 3.180 GC heap after
Heap after GC invocations=8 (full 1):
 PSYoungGen      total 37376K, used 0K [0x00000000eb700000, 0x00000000f0000000, 0x0000000100000000)
  eden space 31232K, 0% used [0x00000000eb700000,0x00000000eb700000,0x00000000ed580000)
  from space 6144K, 0% used [0x00000000ed580000,0x00000000ed580000,0x00000000edb80000)
  to   space 6144K, 0% used [0x00000000efa00000,0x00000000efa00000,0x00000000f0000000)
 ParOldGen       total 31744K, used 7283K [0x00000000c2400000, 0x00000000c4300000, 0x00000000eb700000)
  object space 31744K, 22% used [0x00000000c2400000,0x00000000c2b1ceb0,0x00000000c4300000)
 Metaspace       used 20910K, capacity 21170K, committed 21296K, reserved 1069056K
  class space    used 2565K, capacity 2660K, committed 2688K, reserved 1048576K
}
Event: 3.520 GC heap before
{Heap before GC invocations=9 (full 1):
 PSYoungGen      total 37376K, used 31232K [0x00000000eb700000, 0x00000000f0000000, 0x0000000100000000)
  eden space 31232K, 100% used [0x00000000eb700000,0x00000000ed580000,0x00000000ed580000)
  from space 6144K, 0% used [0x00000000ed580000,0x00000000ed580000,0x00000000edb80000)
  to   space 6144K, 0% used [0x00000000efa00000,0x00000000efa00000,0x00000000f0000000)
 ParOldGen       total 31744K, used 7283K [0x00000000c2400000, 0x00000000c4300000, 0x00000000eb700000)
  object space 31744K, 22% used [0x00000000c2400000,0x00000000c2b1ceb0,0x00000000c4300000)
 Metaspace       used 22675K, capacity 22936K, committed 23088K, reserved 1069056K
  class space    used 2817K, capacity 2885K, committed 2944K, reserved 1048576K
Event: 3.523 GC heap after
Heap after GC invocations=9 (full 1):
 PSYoungGen      total 53248K, used 2554K [0x00000000eb700000, 0x00000000efc80000, 0x0000000100000000)
  eden space 50688K, 0% used [0x00000000eb700000,0x00000000eb700000,0x00000000ee880000)
  from space 2560K, 99% used [0x00000000efa00000,0x00000000efc7e948,0x00000000efc80000)
  to   space 6656K, 0% used [0x00000000eef80000,0x00000000eef80000,0x00000000ef600000)
 ParOldGen       total 31744K, used 7291K [0x00000000c2400000, 0x00000000c4300000, 0x00000000eb700000)
  object space 31744K, 22% used [0x00000000c2400000,0x00000000c2b1eeb0,0x00000000c4300000)
 Metaspace       used 22675K, capacity 22936K, committed 23088K, reserved 1069056K
  class space    used 2817K, capacity 2885K, committed 2944K, reserved 1048576K
}
Event: 5.335 GC heap before
{Heap before GC invocations=10 (full 1):
 PSYoungGen      total 53248K, used 53242K [0x00000000eb700000, 0x00000000efc80000, 0x0000000100000000)
  eden space 50688K, 100% used [0x00000000eb700000,0x00000000ee880000,0x00000000ee880000)
  from space 2560K, 99% used [0x00000000efa00000,0x00000000efc7e948,0x00000000efc80000)
  to   space 6656K, 0% used [0x00000000eef80000,0x00000000eef80000,0x00000000ef600000)
 ParOldGen       total 31744K, used 7291K [0x00000000c2400000, 0x00000000c4300000, 0x00000000eb700000)
  object space 31744K, 22% used [0x00000000c2400000,0x00000000c2b1eeb0,0x00000000c4300000)
 Metaspace       used 23754K, capacity 24060K, committed 24320K, reserved 1071104K
  class space    used 2934K, capacity 3019K, committed 3072K, reserved 1048576K
Event: 5.342 GC heap after
Heap after GC invocations=10 (full 1):
 PSYoungGen      total 64512K, used 3978K [0x00000000eb700000, 0x00000000f0580000, 0x0000000100000000)
  eden space 57856K, 0% used [0x00000000eb700000,0x00000000eb700000,0x00000000eef80000)
  from space 6656K, 59% used [0x00000000eef80000,0x00000000ef3629e0,0x00000000ef600000)
  to   space 6144K, 0% used [0x00000000eff80000,0x00000000eff80000,0x00000000f0580000)
 ParOldGen       total 31744K, used 7299K [0x00000000c2400000, 0x00000000c4300000, 0x00000000eb700000)
  object space 31744K, 22% used [0x00000000c2400000,0x00000000c2b20eb0,0x00000000c4300000)
 Metaspace       used 23754K, capacity 24060K, committed 24320K, reserved 1071104K
  class space    used 2934K, capacity 3019K, committed 3072K, reserved 1048576K
}

