# JRE version: Java(TM) SE Runtime Environment (8.0_151-b12) (build 1.8.0_151-b12)
# Java VM: Java HotSpot(TM) 64-Bit Server VM (25.151-b12 mixed mode windows-amd64 compressed oops)
Heap:
 PSYoungGen      total 56320K, used 18446K [0x00000000eb700000, 0x00000000efc80000, 0x0000000100000000)
  eden space 50176K, 29% used [0x00000000eb700000,0x00000000ec53e8e8,0x00000000ee800000)
  from space 6144K, 62% used [0x00000000ef080000,0x00000000ef445198,0x00000000ef680000)
  to   space 2560K, 0% used [0x00000000efa00000,0x00000000efa00000,0x00000000efc80000)
 ParOldGen       total 32256K, used 7235K [0x00000000c2400000, 0x00000000c4380000, 0x00000000eb700000)
  object space 32256K, 22% used [0x00000000c2400000,0x00000000c2b10d70,0x00000000c4380000)
 Metaspace       used 23882K, capacity 24226K, committed 24576K, reserved 1071104K
  class space    used 2957K, capacity 3052K, committed 3072K, reserved 1048576K
GC Heap History (10 events):
Event: 3.377 GC heap before
{Heap before GC invocations=6 (full 0):
 PSYoungGen      total 18432K, used 18415K [0x00000000eb700000, 0x00000000ee100000, 0x0000000100000000)
  eden space 15872K, 100% used [0x00000000eb700000,0x00000000ec680000,0x00000000ec680000)
  from space 2560K, 99% used [0x00000000ec680000,0x00000000ec8fbc00,0x00000000ec900000)
  to   space 5632K, 0% used [0x00000000edb80000,0x00000000edb80000,0x00000000ee100000)
 ParOldGen       total 42496K, used 7367K [0x00000000c2400000, 0x00000000c4d80000, 0x00000000eb700000)
  object space 42496K, 17% used [0x00000000c2400000,0x00000000c2b31f38,0x00000000c4d80000)
 Metaspace       used 17263K, capacity 17484K, committed 17536K, reserved 1064960K
  class space    used 2120K, capacity 2156K, committed 2176K, reserved 1048576K
Event: 3.392 GC heap after
Heap after GC invocations=6 (full 0):
 PSYoungGen      total 36864K, used 4953K [0x00000000eb700000, 0x00000000ee200000, 0x0000000100000000)
  eden space 31232K, 0% used [0x00000000eb700000,0x00000000eb700000,0x00000000ed580000)
  from space 5632K, 87% used [0x00000000edb80000,0x00000000ee056480,0x00000000ee100000)
  to   space 6144K, 0% used [0x00000000ed580000,0x00000000ed580000,0x00000000edb80000)
 ParOldGen       total 42496K, used 7375K [0x00000000c2400000, 0x00000000c4d80000, 0x00000000eb700000)
  object space 42496K, 17% used [0x00000000c2400000,0x00000000c2b33f38,0x00000000c4d80000)
 Metaspace       used 17263K, capacity 17484K, committed 17536K, reserved 1064960K
  class space    used 2120K, capacity 2156K, committed 2176K, reserved 1048576K
}
Event: 4.002 GC heap before
{Heap before GC invocations=7 (full 0):
 PSYoungGen      total 36864K, used 25507K [0x00000000eb700000, 0x00000000ee200000, 0x0000000100000000)
  eden space 31232K, 65% used [0x00000000eb700000,0x00000000ecb128f0,0x00000000ed580000)
  from space 5632K, 87% used [0x00000000edb80000,0x00000000ee056480,0x00000000ee100000)
  to   space 6144K, 0% used [0x00000000ed580000,0x00000000ed580000,0x00000000edb80000)
 ParOldGen       total 42496K, used 7375K [0x00000000c2400000, 0x00000000c4d80000, 0x00000000eb700000)
  object space 42496K, 17% used [0x00000000c2400000,0x00000000c2b33f38,0x00000000c4d80000)
 Metaspace       used 20911K, capacity 21170K, committed 21296K, reserved 1069056K
  class space    used 2567K, capacity 2660K, committed 2688K, reserved 1048576K
Event: 4.011 GC heap after
Heap after GC invocations=7 (full 0):
 PSYoungGen      total 37376K, used 5183K [0x00000000eb700000, 0x00000000f0000000, 0x0000000100000000)
  eden space 31232K, 0% used [0x00000000eb700000,0x00000000eb700000,0x00000000ed580000)
  from space 6144K, 84% used [0x00000000ed580000,0x00000000eda8fd68,0x00000000edb80000)
  to   space 6144K, 0% used [0x00000000efa00000,0x00000000efa00000,0x00000000f0000000)
 ParOldGen       total 42496K, used 8604K [0x00000000c2400000, 0x00000000c4d80000, 0x00000000eb700000)
  object space 42496K, 20% used [0x00000000c2400000,0x00000000c2c67348,0x00000000c4d80000)
 Metaspace       used 20911K, capacity 21170K, committed 21296K, reserved 1069056K
  class space    used 2567K, capacity 2660K, committed 2688K, reserved 1048576K
}
Event: 4.011 GC heap before
{Heap before GC invocations=8 (full 1):
 PSYoungGen      total 37376K, used 5183K [0x00000000eb700000, 0x00000000f0000000, 0x0000000100000000)
  eden space 31232K, 0% used [0x00000000eb700000,0x00000000eb700000,0x00000000ed580000)
  from space 6144K, 84% used [0x00000000ed580000,0x00000000eda8fd68,0x00000000edb80000)
  to   space 6144K, 0% used [0x00000000efa00000,0x00000000efa00000,0x00000000f0000000)
 ParOldGen       total 42496K, used 8604K [0x00000000c2400000, 0x00000000c4d80000, 0x00000000eb700000)
  object space 42496K, 20% used [0x00000000c2400000,0x00000000c2c67348,0x00000000c4d80000)
 Metaspace       used 20911K, capacity 21170K, committed 21296K, reserved 1069056K
  class space    used 2567K, capacity 2660K, committed 2688K, reserved 1048576K
Event: 4.054 GC heap after
Heap after GC invocations=8 (full 1):
 PSYoungGen      total 37376K, used 0K [0x00000000eb700000, 0x00000000f0000000, 0x0000000100000000)
  eden space 31232K, 0% used [0x00000000eb700000,0x00000000eb700000,0x00000000ed580000)
  from space 6144K, 0% used [0x00000000ed580000,0x00000000ed580000,0x00000000edb80000)
  to   space 6144K, 0% used [0x00000000efa00000,0x00000000efa00000,0x00000000f0000000)
 ParOldGen       total 32256K, used 7219K [0x00000000c2400000, 0x00000000c4380000, 0x00000000eb700000)
  object space 32256K, 22% used [0x00000000c2400000,0x00000000c2b0cd70,0x00000000c4380000)
 Metaspace       used 20911K, capacity 21170K, committed 21296K, reserved 1069056K
  class space    used 2567K, capacity 2660K, committed 2688K, reserved 1048576K
}
Event: 4.605 GC heap before
{Heap before GC invocations=9 (full 1):
 PSYoungGen      total 37376K, used 31232K [0x00000000eb700000, 0x00000000f0000000, 0x0000000100000000)
  eden space 31232K, 100% used [0x00000000eb700000,0x00000000ed580000,0x00000000ed580000)
  from space 6144K, 0% used [0x00000000ed580000,0x00000000ed580000,0x00000000edb80000)
  to   space 6144K, 0% used [0x00000000efa00000,0x00000000efa00000,0x00000000f0000000)
 ParOldGen       total 32256K, used 7219K [0x00000000c2400000, 0x00000000c4380000, 0x00000000eb700000)
  object space 32256K, 22% used [0x00000000c2400000,0x00000000c2b0cd70,0x00000000c4380000)
 Metaspace       used 22677K, capacity 22968K, committed 23088K, reserved 1069056K
  class space    used 2819K, capacity 2917K, committed 2944K, reserved 1048576K
Event: 4.609 GC heap after
Heap after GC invocations=9 (full 1):
 PSYoungGen      total 52736K, used 2516K [0x00000000eb700000, 0x00000000efc80000, 0x0000000100000000)
  eden space 50176K, 0% used [0x00000000eb700000,0x00000000eb700000,0x00000000ee800000)
  from space 2560K, 98% used [0x00000000efa00000,0x00000000efc75258,0x00000000efc80000)
  to   space 6144K, 0% used [0x00000000ef080000,0x00000000ef080000,0x00000000ef680000)
 ParOldGen       total 32256K, used 7227K [0x00000000c2400000, 0x00000000c4380000, 0x00000000eb700000)
  object space 32256K, 22% used [0x00000000c2400000,0x00000000c2b0ed70,0x00000000c4380000)
 Metaspace       used 22677K, capacity 22968K, committed 23088K, reserved 1069056K
  class space    used 2819K, capacity 2917K, committed 2944K, reserved 1048576K
}
Event: 6.662 GC heap before
{Heap before GC invocations=10 (full 1):
 PSYoungGen      total 52736K, used 52692K [0x00000000eb700000, 0x00000000efc80000, 0x0000000100000000)
  eden space 50176K, 100% used [0x00000000eb700000,0x00000000ee800000,0x00000000ee800000)
  from space 2560K, 98% used [0x00000000efa00000,0x00000000efc75258,0x00000000efc80000)
  to   space 6144K, 0% used [0x00000000ef080000,0x00000000ef080000,0x00000000ef680000)
 ParOldGen       total 32256K, used 7227K [0x00000000c2400000, 0x00000000c4380000, 0x00000000eb700000)
  object space 32256K, 22% used [0x00000000c2400000,0x00000000c2b0ed70,0x00000000c4380000)
 Metaspace       used 23736K, capacity 24060K, committed 24320K, reserved 1071104K
  class space    used 2935K, capacity 3019K, committed 3072K, reserved 1048576K
Event: 6.671 GC heap after
Heap after GC invocations=10 (full 1):
 PSYoungGen      total 56320K, used 3860K [0x00000000eb700000, 0x00000000efc80000, 0x0000000100000000)
  eden space 50176K, 0% used [0x00000000eb700000,0x00000000eb700000,0x00000000ee800000)
  from space 6144K, 62% used [0x00000000ef080000,0x00000000ef445198,0x00000000ef680000)
  to   space 2560K, 0% used [0x00000000efa00000,0x00000000efa00000,0x00000000efc80000)
 ParOldGen       total 32256K, used 7235K [0x00000000c2400000, 0x00000000c4380000, 0x00000000eb700000)
  object space 32256K, 22% used [0x00000000c2400000,0x00000000c2b10d70,0x00000000c4380000)
 Metaspace       used 23736K, capacity 24060K, committed 24320K, reserved 1071104K
  class space    used 2935K, capacity 3019K, committed 3072K, reserved 1048576K
}

