# JRE version: Java(TM) SE Runtime Environment (8.0_151-b12) (build 1.8.0_151-b12)
# Java VM: Java HotSpot(TM) 64-Bit Server VM (25.151-b12 mixed mode windows-amd64 compressed oops)
Heap:
 PSYoungGen      total 138752K, used 82900K [0x00000000eb700000, 0x00000000f8680000, 0x0000000100000000)
  eden space 129536K, 56% used [0x00000000eb700000,0x00000000efef5390,0x00000000f3580000)
  from space 9216K, 99% used [0x00000000f3580000,0x00000000f3e7fd10,0x00000000f3e80000)
  to   space 12288K, 0% used [0x00000000f7a80000,0x00000000f7a80000,0x00000000f8680000)
 ParOldGen       total 27648K, used 18357K [0x00000000c2400000, 0x00000000c3f00000, 0x00000000eb700000)
  object space 27648K, 66% used [0x00000000c2400000,0x00000000c35ed758,0x00000000c3f00000)
 Metaspace       used 33969K, capacity 34352K, committed 34764K, reserved 1079296K
  class space    used 4172K, capacity 4265K, committed 4300K, reserved 1048576K
GC Heap History (10 events):
Event: 7.716 GC heap before
{Heap before GC invocations=10 (full 1):
 PSYoungGen      total 68608K, used 62464K [0x00000000eb700000, 0x00000000f0000000, 0x0000000100000000)
  eden space 62464K, 100% used [0x00000000eb700000,0x00000000ef400000,0x00000000ef400000)
  from space 6144K, 0% used [0x00000000efa00000,0x00000000efa00000,0x00000000f0000000)
  to   space 6144K, 0% used [0x00000000ef400000,0x00000000ef400000,0x00000000efa00000)
 ParOldGen       total 27648K, used 5955K [0x00000000c2400000, 0x00000000c3f00000, 0x00000000eb700000)
  object space 27648K, 21% used [0x00000000c2400000,0x00000000c29d0f20,0x00000000c3f00000)
 Metaspace       used 23546K, capacity 23830K, committed 24012K, reserved 1071104K
  class space    used 2907K, capacity 2986K, committed 3020K, reserved 1048576K
Event: 7.733 GC heap after
Heap after GC invocations=10 (full 1):
 PSYoungGen      total 68608K, used 4651K [0x00000000eb700000, 0x00000000f1d00000, 0x0000000100000000)
  eden space 62464K, 0% used [0x00000000eb700000,0x00000000eb700000,0x00000000ef400000)
  from space 6144K, 75% used [0x00000000ef400000,0x00000000ef88ae98,0x00000000efa00000)
  to   space 6144K, 0% used [0x00000000f1700000,0x00000000f1700000,0x00000000f1d00000)
 ParOldGen       total 27648K, used 5963K [0x00000000c2400000, 0x00000000c3f00000, 0x00000000eb700000)
  object space 27648K, 21% used [0x00000000c2400000,0x00000000c29d2f20,0x00000000c3f00000)
 Metaspace       used 23546K, capacity 23830K, committed 24012K, reserved 1071104K
  class space    used 2907K, capacity 2986K, committed 3020K, reserved 1048576K
}
Event: 9.040 GC heap before
{Heap before GC invocations=11 (full 1):
 PSYoungGen      total 68608K, used 67115K [0x00000000eb700000, 0x00000000f1d00000, 0x0000000100000000)
  eden space 62464K, 100% used [0x00000000eb700000,0x00000000ef400000,0x00000000ef400000)
  from space 6144K, 75% used [0x00000000ef400000,0x00000000ef88ae98,0x00000000efa00000)
  to   space 6144K, 0% used [0x00000000f1700000,0x00000000f1700000,0x00000000f1d00000)
 ParOldGen       total 27648K, used 5963K [0x00000000c2400000, 0x00000000c3f00000, 0x00000000eb700000)
  object space 27648K, 21% used [0x00000000c2400000,0x00000000c29d2f20,0x00000000c3f00000)
 Metaspace       used 24991K, capacity 25280K, committed 25548K, reserved 1071104K
  class space    used 3081K, capacity 3185K, committed 3276K, reserved 1048576K
Event: 9.060 GC heap after
Heap after GC invocations=11 (full 1):
 PSYoungGen      total 97280K, used 5695K [0x00000000eb700000, 0x00000000f1d00000, 0x0000000100000000)
  eden space 91136K, 0% used [0x00000000eb700000,0x00000000eb700000,0x00000000f1000000)
  from space 6144K, 92% used [0x00000000f1700000,0x00000000f1c8fd10,0x00000000f1d00000)
  to   space 6656K, 0% used [0x00000000f1000000,0x00000000f1000000,0x00000000f1680000)
 ParOldGen       total 27648K, used 5963K [0x00000000c2400000, 0x00000000c3f00000, 0x00000000eb700000)
  object space 27648K, 21% used [0x00000000c2400000,0x00000000c29d2f20,0x00000000c3f00000)
 Metaspace       used 24991K, capacity 25280K, committed 25548K, reserved 1071104K
  class space    used 3081K, capacity 3185K, committed 3276K, reserved 1048576K
}
Event: 11.837 GC heap before
{Heap before GC invocations=12 (full 1):
 PSYoungGen      total 97280K, used 96831K [0x00000000eb700000, 0x00000000f1d00000, 0x0000000100000000)
  eden space 91136K, 100% used [0x00000000eb700000,0x00000000f1000000,0x00000000f1000000)
  from space 6144K, 92% used [0x00000000f1700000,0x00000000f1c8fd10,0x00000000f1d00000)
  to   space 6656K, 0% used [0x00000000f1000000,0x00000000f1000000,0x00000000f1680000)
 ParOldGen       total 27648K, used 5963K [0x00000000c2400000, 0x00000000c3f00000, 0x00000000eb700000)
  object space 27648K, 21% used [0x00000000c2400000,0x00000000c29d2f20,0x00000000c3f00000)
 Metaspace       used 29511K, capacity 29912K, committed 30156K, reserved 1075200K
  class space    used 3644K, capacity 3749K, committed 3788K, reserved 1048576K
Event: 11.885 GC heap after
Heap after GC invocations=12 (full 1):
 PSYoungGen      total 97792K, used 6152K [0x00000000eb700000, 0x00000000f4580000, 0x0000000100000000)
  eden space 91136K, 0% used [0x00000000eb700000,0x00000000eb700000,0x00000000f1000000)
  from space 6656K, 92% used [0x00000000f1000000,0x00000000f1602290,0x00000000f1680000)
  to   space 7168K, 0% used [0x00000000f3e80000,0x00000000f3e80000,0x00000000f4580000)
 ParOldGen       total 27648K, used 9480K [0x00000000c2400000, 0x00000000c3f00000, 0x00000000eb700000)
  object space 27648K, 34% used [0x00000000c2400000,0x00000000c2d42080,0x00000000c3f00000)
 Metaspace       used 29511K, capacity 29912K, committed 30156K, reserved 1075200K
  class space    used 3644K, capacity 3749K, committed 3788K, reserved 1048576K
}
Event: 14.298 GC heap before
{Heap before GC invocations=13 (full 1):
 PSYoungGen      total 97792K, used 97288K [0x00000000eb700000, 0x00000000f4580000, 0x0000000100000000)
  eden space 91136K, 100% used [0x00000000eb700000,0x00000000f1000000,0x00000000f1000000)
  from space 6656K, 92% used [0x00000000f1000000,0x00000000f1602290,0x00000000f1680000)
  to   space 7168K, 0% used [0x00000000f3e80000,0x00000000f3e80000,0x00000000f4580000)
 ParOldGen       total 27648K, used 9480K [0x00000000c2400000, 0x00000000c3f00000, 0x00000000eb700000)
  object space 27648K, 34% used [0x00000000c2400000,0x00000000c2d42080,0x00000000c3f00000)
 Metaspace       used 30706K, capacity 31064K, committed 31308K, reserved 1077248K
  class space    used 3768K, capacity 3877K, committed 3916K, reserved 1048576K
Event: 14.316 GC heap after
Heap after GC invocations=13 (full 1):
 PSYoungGen      total 136704K, used 7153K [0x00000000eb700000, 0x00000000f4780000, 0x0000000100000000)
  eden space 129536K, 0% used [0x00000000eb700000,0x00000000eb700000,0x00000000f3580000)
  from space 7168K, 99% used [0x00000000f3e80000,0x00000000f457c6f8,0x00000000f4580000)
  to   space 9216K, 0% used [0x00000000f3580000,0x00000000f3580000,0x00000000f3e80000)
 ParOldGen       total 27648K, used 13086K [0x00000000c2400000, 0x00000000c3f00000, 0x00000000eb700000)
  object space 27648K, 47% used [0x00000000c2400000,0x00000000c30c7948,0x00000000c3f00000)
 Metaspace       used 30706K, capacity 31064K, committed 31308K, reserved 1077248K
  class space    used 3768K, capacity 3877K, committed 3916K, reserved 1048576K
}
Event: 17.440 GC heap before
{Heap before GC invocations=14 (full 1):
 PSYoungGen      total 136704K, used 136689K [0x00000000eb700000, 0x00000000f4780000, 0x0000000100000000)
  eden space 129536K, 100% used [0x00000000eb700000,0x00000000f3580000,0x00000000f3580000)
  from space 7168K, 99% used [0x00000000f3e80000,0x00000000f457c6f8,0x00000000f4580000)
  to   space 9216K, 0% used [0x00000000f3580000,0x00000000f3580000,0x00000000f3e80000)
 ParOldGen       total 27648K, used 13086K [0x00000000c2400000, 0x00000000c3f00000, 0x00000000eb700000)
  object space 27648K, 47% used [0x00000000c2400000,0x00000000c30c7948,0x00000000c3f00000)
 Metaspace       used 33525K, capacity 33898K, committed 34252K, reserved 1079296K
  class space    used 4114K, capacity 4200K, committed 4300K, reserved 1048576K
Event: 17.570 GC heap after
Heap after GC invocations=14 (full 1):
 PSYoungGen      total 138752K, used 9215K [0x00000000eb700000, 0x00000000f8680000, 0x0000000100000000)
  eden space 129536K, 0% used [0x00000000eb700000,0x00000000eb700000,0x00000000f3580000)
  from space 9216K, 99% used [0x00000000f3580000,0x00000000f3e7fd10,0x00000000f3e80000)
  to   space 12288K, 0% used [0x00000000f7a80000,0x00000000f7a80000,0x00000000f8680000)
 ParOldGen       total 27648K, used 18357K [0x00000000c2400000, 0x00000000c3f00000, 0x00000000eb700000)
  object space 27648K, 66% used [0x00000000c2400000,0x00000000c35ed758,0x00000000c3f00000)
 Metaspace       used 33525K, capacity 33898K, committed 34252K, reserved 1079296K
  class space    used 4114K, capacity 4200K, committed 4300K, reserved 1048576K
}

